<?xml version="1.0" encoding="UTF-8"?>
<!-- Generated by org.testng.reporters.JUnitReportReporter -->
<testsuite hostname="QSP" failures="0" tests="4" name="testng.Test1" time="0.044" errors="0" timestamp="2021-07-23T17:49:43 IST" skipped="1">
  <testcase classname="testng.Test1" name="calls" time="0.032"/>
  <testcase classname="testng.Test1" name="calls" time="0.010"/>
  <testcase classname="testng.Test1" name="chats" time="0.002"/>
  <testcase classname="testng.Test1" name="status">
    <skipped/>
  </testcase> <!-- status -->
</testsuite> <!-- testng.Test1 -->
