<?xml version="1.0" encoding="UTF-8"?>
<!-- Generated by org.testng.reporters.JUnitReportReporter -->
<testsuite hostname="QSP" failures="0" tests="2" name="testng.Parallel" time="81.513" errors="0" timestamp="2021-07-26T17:33:47 IST" skipped="0">
  <testcase classname="testng.Parallel" name="tc1" time="40.951"/>
  <testcase classname="testng.Parallel" name="tc1" time="40.562"/>
</testsuite> <!-- testng.Parallel -->
