<?xml version="1.0" encoding="UTF-8"?>
<!-- Generated by org.testng.reporters.JUnitReportReporter -->
<testsuite hostname="QSP" failures="0" tests="1" name="testng.Test2" time="0.016" errors="0" timestamp="2021-07-23T17:55:07 IST" skipped="0">
  <testcase classname="testng.Test2" name="test" time="0.016"/>
</testsuite> <!-- testng.Test2 -->
