<?xml version="1.0" encoding="UTF-8"?>
<!-- Generated by org.testng.reporters.JUnitReportReporter -->
<testsuite hostname="QSP" failures="0" tests="1" name="testng.Testcase2" time="15.799" errors="0" timestamp="2021-07-23T18:31:59 IST" skipped="0">
  <testcase classname="testng.Testcase2" name="forgotpassword" time="15.799"/>
</testsuite> <!-- testng.Testcase2 -->
